<component name="ArtifactManager">
  <artifact type="jar" build-on-make="true" name="JunitTest:jar">
    <output-path>$PROJECT_DIR$/out/artifacts/JunitTest_jar</output-path>
    <root id="archive" name="JunitTest.jar">
      <element id="module-output" name="JunitTest" />
      <element id="module-test-output" name="JunitTest" />
      <element id="extracted-dir" path="G:/很重要的知识点/spring jar/jacoco/jacocoagent.jar" path-in-jar="/" />
      <element id="extracted-dir" path="G:/很重要的知识点/spring jar/jacoco/jacocoant.jar" path-in-jar="/" />
      <element id="extracted-dir" path="G:/很重要的知识点/spring jar/jacoco/jacococli.jar" path-in-jar="/" />
      <element id="extracted-dir" path="G:/很重要的知识点/spring jar/jacoco/org.jacoco.agent-0.8.1.201803210924.jar" path-in-jar="/" />
      <element id="extracted-dir" path="G:/很重要的知识点/spring jar/jacoco/org.jacoco.ant-0.8.1.201803210924.jar" path-in-jar="/" />
      <element id="extracted-dir" path="G:/很重要的知识点/spring jar/jacoco/org.jacoco.core-0.8.1.201803210924.jar" path-in-jar="/" />
      <element id="extracted-dir" path="G:/很重要的知识点/spring jar/jacoco/org.jacoco.report-0.8.1.201803210924.jar" path-in-jar="/" />
      <element id="extracted-dir" path="G:/很重要的知识点/spring jar/Junit/junit-4.12.jar" path-in-jar="/" />
      <element id="extracted-dir" path="G:/很重要的知识点/spring jar/Junit/hamcrest-core-1.3.jar" path-in-jar="/" />
    </root>
  </artifact>
</component>